<?xml version="1.0" encoding="UTF-8"?>
<!-- Generated by org.testng.reporters.JUnitReportReporter -->
<testsuite hostname="LAPTOP-M0RIJ56D" failures="0" tests="1" name="Gpack.GoogleReview" time="18.819" errors="0" timestamp="2023-07-03T00:40:05 CDT" skipped="0">
  <testcase classname="Gpack.GoogleReview" name="login" time="18.819"/>
</testsuite> <!-- Gpack.GoogleReview -->
