<?xml version="1.0" encoding="UTF-8"?>
<!-- Generated by org.testng.reporters.JUnitReportReporter -->
<testsuite hostname="LAPTOP-M0RIJ56D" failures="0" tests="1" name="Gpack.Register" time="26.508" errors="0" timestamp="2023-07-01T12:12:37 CDT" skipped="0">
  <testcase classname="Gpack.Register" name="googleautomation" time="26.508"/>
</testsuite> <!-- Gpack.Register -->
